warning: ignoring unsupported tag `OUTPUT_TEXT_DIRECTION  =' at line 102, file /home/travis/build/mbh1620/Computing_Project/Doxyfile
warning: ignoring unsupported tag `JAVADOC_BANNER         =' at line 208, file /home/travis/build/mbh1620/Computing_Project/Doxyfile
warning: ignoring unsupported tag `OPTIMIZE_OUTPUT_SLICE  =' at line 306, file /home/travis/build/mbh1620/Computing_Project/Doxyfile
warning: ignoring unsupported tag `TOC_INCLUDE_HEADINGS   =' at line 345, file /home/travis/build/mbh1620/Computing_Project/Doxyfile
warning: ignoring unsupported tag `EXTRACT_PRIV_VIRTUAL   =' at line 482, file /home/travis/build/mbh1620/Computing_Project/Doxyfile
warning: ignoring unsupported tag `HTML_DYNAMIC_MENUS     =' at line 1280, file /home/travis/build/mbh1620/Computing_Project/Doxyfile
warning: ignoring unsupported tag `FORMULA_MACROFILE      =' at line 1567, file /home/travis/build/mbh1620/Computing_Project/Doxyfile
warning: ignoring unsupported tag `LATEX_MAKEINDEX_CMD    =' at line 1751, file /home/travis/build/mbh1620/Computing_Project/Doxyfile
warning: ignoring unsupported tag `LATEX_EMOJI_DIRECTORY  =' at line 1893, file /home/travis/build/mbh1620/Computing_Project/Doxyfile
warning: ignoring unsupported tag `XML_NS_MEMB_FILE_SCOPE =' at line 2037, file /home/travis/build/mbh1620/Computing_Project/Doxyfile
warning: ignoring unsupported tag `PLANTUML_CFG_FILE      =' at line 2483, file /home/travis/build/mbh1620/Computing_Project/Doxyfile
Searching for include files...
Searching for example files...
Searching for images...
Searching for dot files...
Searching for msc files...
Searching for dia files...
Searching for files to exclude
Searching INPUT for files to process...
Searching for files in directory /home/travis/build/mbh1620/Computing_Project/Computing project
Searching for files in directory /home/travis/build/mbh1620/Computing_Project/Computing project/cell_class
Searching for files in directory /home/travis/build/mbh1620/Computing_Project/Computing project/Images
Searching for files in directory /home/travis/build/mbh1620/Computing_Project/Computing project/material_class
Searching for files in directory /home/travis/build/mbh1620/Computing_Project/Computing project/matrix_class
Searching for files in directory /home/travis/build/mbh1620/Computing_Project/Computing project/model_class
Searching for files in directory /home/travis/build/mbh1620/Computing_Project/Computing project/QT_Classes
Searching for files in directory /home/travis/build/mbh1620/Computing_Project/Computing project/QT_Classes/CMakeFiles
Searching for files in directory /home/travis/build/mbh1620/Computing_Project/Computing project/QT_Classes/CMakeFiles/3.17.1
Searching for files in directory /home/travis/build/mbh1620/Computing_Project/Computing project/QT_Classes/CMakeFiles/3.17.1/CompilerIdC
Searching for files in directory /home/travis/build/mbh1620/Computing_Project/Computing project/QT_Classes/CMakeFiles/3.17.1/CompilerIdCXX
Searching for files in directory /home/travis/build/mbh1620/Computing_Project/Computing project/renderer_class
Searching for files in directory /home/travis/build/mbh1620/Computing_Project/Computing project/Test Mains
Searching for files in directory /home/travis/build/mbh1620/Computing_Project/Computing project/Test Objects
Searching for files in directory /home/travis/build/mbh1620/Computing_Project/Computing project/Test Objects/Build_Your_Own_Jet_Engine
Searching for files in directory /home/travis/build/mbh1620/Computing_Project/Computing project/Test Objects/Perpetual_Motion_Test_-_Da_Vinci_Overbalanced_Wheel
Searching for files in directory /home/travis/build/mbh1620/Computing_Project/Computing project/Test Objects/proprietry_files
Searching for files in directory /home/travis/build/mbh1620/Computing_Project/Computing project/Test Objects/Quadcopter 450 frame
Searching for files in directory /home/travis/build/mbh1620/Computing_Project/Computing project/vector_class
Searching for files in directory /home/travis/build/mbh1620/Computing_Project/Computing project/Volume_of_tetra_function
Reading and parsing tag files
Parsing files
Preprocessing /home/travis/build/mbh1620/Computing_Project/Computing project/cell_class/cell.cpp...
Parsing file /home/travis/build/mbh1620/Computing_Project/Computing project/cell_class/cell.cpp...
Preprocessing /home/travis/build/mbh1620/Computing_Project/Computing project/cell_class/cell.hpp...
Parsing file /home/travis/build/mbh1620/Computing_Project/Computing project/cell_class/cell.hpp...
Preprocessing /home/travis/build/mbh1620/Computing_Project/Computing project/CMakeLists.txt...
Parsing file /home/travis/build/mbh1620/Computing_Project/Computing project/CMakeLists.txt...
Preprocessing /home/travis/build/mbh1620/Computing_Project/Computing project/material_class/material.cpp...
Parsing file /home/travis/build/mbh1620/Computing_Project/Computing project/material_class/material.cpp...
Preprocessing /home/travis/build/mbh1620/Computing_Project/Computing project/material_class/material.hpp...
Parsing file /home/travis/build/mbh1620/Computing_Project/Computing project/material_class/material.hpp...
Preprocessing /home/travis/build/mbh1620/Computing_Project/Computing project/matrix_class/matrix.cpp...
Parsing file /home/travis/build/mbh1620/Computing_Project/Computing project/matrix_class/matrix.cpp...
Preprocessing /home/travis/build/mbh1620/Computing_Project/Computing project/matrix_class/matrix.hpp...
Parsing file /home/travis/build/mbh1620/Computing_Project/Computing project/matrix_class/matrix.hpp...
Preprocessing /home/travis/build/mbh1620/Computing_Project/Computing project/model_class/model.cpp...
Parsing file /home/travis/build/mbh1620/Computing_Project/Computing project/model_class/model.cpp...
Preprocessing /home/travis/build/mbh1620/Computing_Project/Computing project/model_class/model.hpp...
Parsing file /home/travis/build/mbh1620/Computing_Project/Computing project/model_class/model.hpp...
Preprocessing /home/travis/build/mbh1620/Computing_Project/Computing project/QT_Classes/CMakeFiles/3.17.1/CompilerIdC/CMakeCCompilerId.c...
Parsing file /home/travis/build/mbh1620/Computing_Project/Computing project/QT_Classes/CMakeFiles/3.17.1/CompilerIdC/CMakeCCompilerId.c...
Preprocessing /home/travis/build/mbh1620/Computing_Project/Computing project/QT_Classes/CMakeFiles/3.17.1/CompilerIdCXX/CMakeCXXCompilerId.cpp...
Parsing file /home/travis/build/mbh1620/Computing_Project/Computing project/QT_Classes/CMakeFiles/3.17.1/CompilerIdCXX/CMakeCXXCompilerId.cpp...
Preprocessing /home/travis/build/mbh1620/Computing_Project/Computing project/QT_Classes/CMakeLists.txt...
Parsing file /home/travis/build/mbh1620/Computing_Project/Computing project/QT_Classes/CMakeLists.txt...
Preprocessing /home/travis/build/mbh1620/Computing_Project/Computing project/QT_Classes/mainwindow.cpp...
Parsing file /home/travis/build/mbh1620/Computing_Project/Computing project/QT_Classes/mainwindow.cpp...
Preprocessing /home/travis/build/mbh1620/Computing_Project/Computing project/QT_Classes/mainwindow.h...
Parsing file /home/travis/build/mbh1620/Computing_Project/Computing project/QT_Classes/mainwindow.h...
Preprocessing /home/travis/build/mbh1620/Computing_Project/Computing project/QT_Classes/vtk_renderer.cpp...
Parsing file /home/travis/build/mbh1620/Computing_Project/Computing project/QT_Classes/vtk_renderer.cpp...
Preprocessing /home/travis/build/mbh1620/Computing_Project/Computing project/QT_Classes/vtk_renderer.hpp...
Parsing file /home/travis/build/mbh1620/Computing_Project/Computing project/QT_Classes/vtk_renderer.hpp...
Reading /home/travis/build/mbh1620/Computing_Project/Computing project/README.md...
Preprocessing /home/travis/build/mbh1620/Computing_Project/Computing project/renderer_class/renderer.cpp...
Parsing file /home/travis/build/mbh1620/Computing_Project/Computing project/renderer_class/renderer.cpp...
Preprocessing /home/travis/build/mbh1620/Computing_Project/Computing project/renderer_class/renderer.hpp...
Parsing file /home/travis/build/mbh1620/Computing_Project/Computing project/renderer_class/renderer.hpp...
Preprocessing /home/travis/build/mbh1620/Computing_Project/Computing project/Test Mains/cell_test.cpp...
Parsing file /home/travis/build/mbh1620/Computing_Project/Computing project/Test Mains/cell_test.cpp...
Preprocessing /home/travis/build/mbh1620/Computing_Project/Computing project/Test Mains/material_test.cpp...
Parsing file /home/travis/build/mbh1620/Computing_Project/Computing project/Test Mains/material_test.cpp...
Preprocessing /home/travis/build/mbh1620/Computing_Project/Computing project/Test Mains/modeltest.cpp...
Parsing file /home/travis/build/mbh1620/Computing_Project/Computing project/Test Mains/modeltest.cpp...
Preprocessing /home/travis/build/mbh1620/Computing_Project/Computing project/Test Mains/newfile.txt...
Parsing file /home/travis/build/mbh1620/Computing_Project/Computing project/Test Mains/newfile.txt...
Preprocessing /home/travis/build/mbh1620/Computing_Project/Computing project/Test Mains/Vector_test.cpp...
Parsing file /home/travis/build/mbh1620/Computing_Project/Computing project/Test Mains/Vector_test.cpp...
Preprocessing /home/travis/build/mbh1620/Computing_Project/Computing project/Test Objects/proprietry_files/ExampleModel1.mod.txt...
Parsing file /home/travis/build/mbh1620/Computing_Project/Computing project/Test Objects/proprietry_files/ExampleModel1.mod.txt...
Preprocessing /home/travis/build/mbh1620/Computing_Project/Computing project/Test Objects/proprietry_files/ExampleModel2.mod.txt...
Parsing file /home/travis/build/mbh1620/Computing_Project/Computing project/Test Objects/proprietry_files/Example/home/travis/build/mbh1620/Computing_Project/Computing project/matrix_class/matrix.hpp:43: warning: Compound matrix is not documented.
/home/travis/build/mbh1620/Computing_Project/Computing project/cell_class/cell.hpp:181: warning: Compound hexahedron is not documented.
/home/travis/build/mbh1620/Computing_Project/Computing project/QT_Classes/mainwindow.h:21: warning: Compound MainWindow is not documented.
/home/travis/build/mbh1620/Computing_Project/Computing project/model_class/model.hpp:40: warning: Compound model is not documented.
/home/travis/build/mbh1620/Computing_Project/Computing project/cell_class/cell.hpp:162: warning: Compound pyramid is not documented.
/home/travis/build/mbh1620/Computing_Project/Computing project/material_class/material.hpp:21: warning: Compound material is not documented.
/home/travis/build/mbh1620/Computing_Project/Computing project/renderer_class/renderer.hpp:25: warning: Compound renderer is not documented.
/home/travis/build/mbh1620/Computing_Project/Computing project/cell_class/cell.cpp:8: warning: Member volume_of_tetra(Vector vertices[]) (function) of file cell.cpp is not documented.
Model2.mod.txt...
Preprocessing /home/travis/build/mbh1620/Computing_Project/Computing project/Test Objects/proprietry_files/ExampleModel3.mod.txt...
Parsing file /home/travis/build/mbh1620/Computing_Project/Computing project/Test Objects/proprietry_files/ExampleModel3.mod.txt...
Preprocessing /home/travis/build/mbh1620/Computing_Project/Computing project/vector_class/vector.cpp...
Parsing file /home/travis/build/mbh1620/Computing_Project/Computing project/vector_class/vector.cpp...
Preprocessing /home/travis/build/mbh1620/Computing_Project/Computing project/vector_class/vector.hpp...
Parsing file /home/travis/build/mbh1620/Computing_Project/Computing project/vector_class/vector.hpp...
Preprocessing /home/travis/build/mbh1620/Computing_Project/Computing project/Volume_of_tetra_function/volume_of_tetra.hpp...
Parsing file /home/travis/build/mbh1620/Computing_Project/Computing project/Volume_of_tetra_function/volume_of_tetra.hpp...
Building group list...
Building directory list...
Building namespace list...
Building file list...
Building class list...
Associating documentation with classes...
Computing nesting relations for classes...
Building example list...
Searching for enumerations...
Searching for documented typedefs...
Searching for members imported via using declarations...
Searching for included using directives...
Searching for documented variables...
Building interface member list...
Building member list...
Searching for friends...
Searching for documented defines...
Computing class inheritance relations...
Computing class usage relations...
Flushing cached template relations that have become invalid...
Creating members for template instances...
Computing class relations...
Add enum values to enums...
Searching for member function documentation...
Building page list...
Search for main page...
Computing page relations...
Determining the scope of groups...
Sorting lists...
Freeing entry tree
Determining which enums are documented
Computing member relations...
Building full member lists recursively...
Adding members to member groups.
Computing member references...
Inheriting documentation...
Generating disk names...
Adding source references...
Adding xrefitems...
Sorting member lists...
Computing dependencies between directories...
Generating citations page...
Counting data structures...
Resolving user defined references...
Finding anchors and sections in the documentation...
Transferring function references...
Combining using relations...
Adding members to index pages...
Generating style sheet...
Generating search indices...
Generating example documentation...
Generating file sources...
Generating code for file /home/travis/build/mbh1620/Computing_Project/Computing project/cell_class/cell.hpp...
Generating code for file /home/travis/build/mbh1620/Computing_Project/Computing project/material_class/material.hpp...
Generating code for file /home/travis/build/mbh1620/Computing_Project/Computing project/matrix_class/matrix.hpp...
Generating code for file /home/travis/build/mbh1620/Computing_Project/Computing project/model_class/model.hpp...
Generating code for file /home/travis/build/mbh1620/Computing_Project/Computing project/QT_Classes/mainwindow.h...
Generating code for file /home/travis/build/mbh1620/Computing_Project/Computing project/QT_Classes/vtk_renderer.hpp...
Generating code for file /home/travis/build/mbh1620/Computing_Project/Computing project/renderer_class/renderer.hpp...
Generating code for file /home/travis/build/mbh1620/Computing_Project/Computing project/vector_class/vector.hpp...
Generating code for file /home/travis/build/mbh1620/Computing_Project/Computing project/Volume_of_tetra_function/volume_of_tetra.hpp...
Generating file documentation...
Generating docs for file /home/travis/build/mbh1620/Computing_Project/Computing project/cell_class/cell.cpp...
Generating docs for file /home/travis/build/mbh1620/Computing_Project/Computing project/cell_class/cell.hpp...
Generating page documentation...
Generating docs for page md__home_travis_build_mbh1620_Computing_Project_Computing_project_README...
Gener/home/travis/build/mbh1620/Computing_Project/Computing project/QT_Classes/mainwindow.h:61: warning: Member openFile() (slot) of class MainWindow is not documented.
/home/travis/build/mbh1620/Computing_Project/Computing project/QT_Classes/mainwindow.h:63: warning: Member on_file_add(QString filename) (slot) of class MainWindow is not documented.
/home/travis/build/mbh1620/Computing_Project/Computing project/QT_Classes/mainwindow.h:65: warning: Member Cross_Section_Analysis(bool checked) (slot) of class MainWindow is not documented.
/home/travis/build/mbh1620/Computing_Project/Computing project/QT_Classes/mainwindow.h:67: warning: Member enable_distance_widget(bool checked) (slot) of class MainWindow is not documented.
/home/travis/build/mbh1620/Computing_Project/Computing project/QT_Classes/mainwindow.h:69: warning: Member Cross_Section_Analysis_Width(int value) (slot) of class MainWindow is not documented.
/home/travis/build/mbh1620/Computing_Project/Computing project/QT_Classes/mainwindow.h:71: warning: Member transform() (slot) of class MainWindow is not documented.
/home/travis/build/mbh1620/Computing_Project/Computing project/QT_Classes/mainwindow.h:73: warning: Member delete_model() (slot) of class MainWindow is not documented.
/home/travis/build/mbh1620/Computing_Project/Computing project/QT_Classes/mainwindow.h:75: warning: Member model_details() (slot) of class MainWindow is not documented.
/home/travis/build/mbh1620/Computing_Project/Computing project/QT_Classes/mainwindow.h:77: warning: Member changeCamera() (slot) of class MainWindow is not documented.
/home/travis/build/mbh1620/Computing_Project/Computing project/QT_Classes/mainwindow.h:79: warning: Member set_bg_colour() (slot) of class MainWindow is not documented.
/home/travis/build/mbh1620/Computing_Project/Computing project/QT_Classes/mainwindow.h:81: warning: Member Set_Model_Color() (slot) of class MainWindow is not documented.
/home/travis/build/mbh1620/Computing_Project/Computing project/QT_Classes/mainwindow.h:83: warning: Member Reset_Camera() (slot) of class MainWindow is not documented.
/home/travis/build/mbh1620/Computing_Project/Computing project/QT_Classes/mainwindow.h:85: warning: Member Set_Opacity() (slot) of class MainWindow is not documented.
/home/travis/build/mbh1620/Computing_Project/Computing project/QT_Classes/mainwindow.h:87: warning: Member show_COG(bool checked) (slot) of class MainWindow is not documented.
/home/travis/build/mbh1620/Computing_Project/Computing project/QT_Classes/mainwindow.h:89: warning: Member Save_As_STL_File() (slot) of class MainWindow is not documented.
/home/travis/build/mbh1620/Computing_Project/Computing project/QT_Classes/mainwindow.h:24: warning: Member MainWindow(QWidget *parent=0, std::string Filename="Boat.stl") (function) of class MainWindow is not documented.
/home/travis/build/mbh1620/Computing_Project/Computing project/QT_Classes/mainwindow.h:52: warning: Member openCustomFile(std::string fileName) (function) of class MainWindow is not documented.
/home/travis/build/mbh1620/Computing_Project/Computing project/QT_Classes/mainwindow.h:56: warning: Member check_item_array_length() (function) of class MainWindow is not documented.
/home/travis/build/mbh1620/Computing_Project/Computing project/QT_Classes/mainwindow.h:58: warning: Member disable_distance_widget() (function) of class MainWindow is not documented.
/home/travis/build/mbh1620/Computing_Project/Computing project/QT_Classes/mainwindow.h:26: warning: Member renderWindow (variable) of class MainWindow is not documented.
/home/travis/build/mbh1620/Computing_Project/Computing project/QT_Classes/mainwindow.h:28: warning: Member Filename (variable) of class MainWindow is not documented.
/home/travis/build/mbh1620/Computing_Project/Computing project/QT_Classes/mainwindow.h:30: warning: Member reader (variable) of class MainWindow is not documented.
/home/travis/build/mbh1620/Computing_Project/Computing project/QT_Classes/mainwindow.h:32: warning: Member mapper (variable) of class MainWindow is not documented.
/home/travis/build/mbh1620/Computing_Project/Computing project/QT_Classes/mainwindow.h:34: warning: Member mapper2 (variable) of class MainWindow is not documented.
/home/travis/build/mbh1620/Computing_Project/Computing project/QT_Classes/mainwindow.h:36: warning: Member actor (variable) of class MainWindow is not documented.
/home/travis/build/mbh1620/Computing_Project/Computing project/QT_Classes/mainwindow.h:38: warning: Member renderer (variable) of class MainWindow is not documented.
/home/travis/build/mbh1620/Computing_Project/Computing project/QT_Classes/mainwindow.h:40: warning: Member renderWindowInteractor (variable) of class MainWindow is not documented.
/home/travis/build/mbh1620/Computing_Project/Computing project/QT_Classes/mainwindow.h:42: warning: Member colors (variable) of class MainWindow is not documented.
/home/travis/build/mbh1620/Computing_Project/Computing project/QT_Classes/mainwindow.h:44: warning: Member cutPlane (variable) of class MainWindow is not documented.
/home/travis/build/mbh1620/Computing_Project/Computing project/QT_Classes/mainwindow.h:46: warning: Member distanceWidget (variable) of class MainWindow is not documented.
/home/travis/build/mbh1620/Computing_Project/Computing project/QT_Classes/mainwindow.h:48: warning: Member models (variable) of class MainWindow is not documented.
/home/travis/build/mbh1620/Computing_Project/Computing project/QT_Classes/mainwindow.h:50: warning: Member is_checked (variable) of class MainWindow is not documented.
/home/travis/build/mbh1620/Computing_Project/Computing project/QT_Classes/mainwindow.h:54: warning: Member item_length (variable) of class MainWindow is not documented.
/home/travis/build/mbh1620/Computing_Project/Computing project/material_class/material.hpp:36: warning: Member material(int _ID, std::string _name, std::string _colour, float _density) (function) of class material is not documented.
/home/travis/build/mbh1620/Computing_Project/Computing project/material_class/material.hpp:42: warning: Member material(const material &a) (function) of class material is not documented.
/home/travis/build/mbh1620/Computing_Project/Computing project/material_class/material.hpp:44: warning: Member operator=(const material &a) (function) of class material is not documented.
/home/travis/build/mbh1620/Computing_Project/Computing project/material_class/material.hpp:46: warning: Member getId() (function) of class material is not documented.
/home/travis/build/mbh1620/Computing_Project/Computing project/material_class/material.hpp:48: warning: Member getName() (function) of class material is not documented.
/home/travis/build/mbh1620/Computing_Project/Computing project/material_class/material.hpp:50: warning: Member getColour() (function) of class material is not documented.
/home/travis/build/mbh1620/Computing_Project/Computing project/material_class/material.hpp:52: warning: Member getDensity() (function) of class material is not documented.
/home/travis/build/mbh1620/Computing_Project/Computing project/material_class/material.hpp:54: warning: Member set() (function) of class material is not documented.
/home/travis/build/mbh1620/Computing_Project/Computing project/matrix_class/matrix.hpp:52: warning: Member matrix(int first, int second_dimension, float data[]) (function) of class matrix is not documented.
/home/travis/build/mbh1620/Computing_Project/Computing project/matrix_class/matrix.hpp:56: warning: Member matrix(const matrix &a) (function) of class matrix is not documented.
/home/travis/build/mbh1620/Computing_Project/Computing project/matrix_class/matrix.hpp:58: warning: Member operator=(const matrix &a) (function) of class matrix is not documented.
/home/travis/build/mbh1620/Computing_Project/Computing project/model_class/model.hpp:71: warning: Member model(const model &a) (function) of class model is not documented.
/home/travis/build/mbh1620/Computing_Project/Computing project/model_class/model.hpp:73: warning: Member operator=(const model &a) (function) of class model is not documented.
/home/travis/build/mbh1620/Computing_Project/Computing project/model_class/model.hpp:75: warning: Member readInFile(string filename) (function) of class model is not documented.
/home/travis/build/mbh1620/Computing_Project/Computing project/model_class/model.hpp:77: warning: Member saveNewFile(string filename) (function) of class model is not documented.
/home/travis/build/mbh1620/Computing_Project/Computing project/model_class/model.hpp:79: warning: Member material_parser(string material_data) (function) of class model is not documented.
/home/travis/build/mbh1620/Computing_Project/Computing project/model_class/model.hpp:81: warning: Member vertex_parser(string vertex_data) (function) of class model is not documented.
/home/travis/build/mbh1620/Computing_Project/Computing project/model_class/model.hpp:83: warning: Member cell_parser(string cell_data) (function) of class model is not documented.
/home/travis/build/mbh1620/Computing_Project/Computing project/model_class/model.hpp:85: warning: Member get_list_of_cells() (function) of class model is not documented.
/home/travis/build/mbh1620/Computing_Project/Computing project/model_class/model.hpp:87: warning: Member get_list_of_vertices() (function) of class model is not documented.
/home/travis/build/mbh1620/Computing_Project/Computing project/model_class/model.hpp:89: warning: Member get_list_of_materials() (function) of class model is not documented.
/home/travis/build/mbh1620/Computing_Project/Computing project/model_class/model.hpp:91: warning: Member get_material_num() (function) of class model is not documented.
/home/travis/build/mbh1620/Computing_Project/Computing project/model_class/model.hpp:93: warning: Member get_vertex_num() (function) of class model is not documented.
/home/travis/build/mbh1620/Computing_Project/Computing project/model_class/model.hpp:95: warning: Member get_cell_num() (function) of class model is not documented.
/home/travis/build/mbh1620/Computing_Project/Computing project/model_class/model.hpp:97: warning: Member get_cell_type() (function) of class model is not documented.
/home/travis/build/mbh1620/Computing_Project/Computing project/renderer_class/renderer.hpp:34: warning: Member renderer(model _the_model) (function) of class renderer is not documented.
/home/travis/build/mbh1620/Computing_Project/Computing project/renderer_class/renderer.hpp:38: warning: Member renderer(const renderer &a) (function) of class renderer is not documented.
/home/travis/build/mbh1620/Computing_Project/Computing project/renderer_class/renderer.hpp:40: warning: Member operator=(const renderer &a) (function) of class renderer is not documented.
/home/travis/build/mbh1620/Computing_Project/Computing project/renderer_class/renderer.hpp:42: warning: Member get_model() (function) of class renderer is not documented.
/home/travis/build/mbh1620/Computing_Project/Computing project/renderer_class/renderer.hpp:44: warning: Member open_file() (function) of class renderer is not documented.
/home/travis/build/mbh1620/Computing_Project/Computing project/renderer_class/renderer.hpp:46: warning: Member close_file() (function) of class renderer is not documented.
/home/travis/build/mbh1620/Computing_Project/Computing project/renderer_class/renderer.hpp:48: warning: Member file_start() (function) of class renderer is not documented.
/home/travis/build/mbh1620/Computing_Project/Computing project/renderer_class/renderer.hpp:50: warning: Member file_tetrahedrons() (function) of class renderer is not documented.
/home/travis/build/mbh1620/Computing_Project/Computing project/renderer_class/renderer.hpp:52: warning: Member file_hexahedrons() (function) of class renderer is not documented.
/home/travis/build/mbh1620/Computing_Project/Computing project/renderer_class/renderer.hpp:54: warning: Member file_pyramids() (function) of class renderer is not documented.
/home/travis/build/mbh1620/Computing_Project/Computing project/renderer_class/renderer.hpp:56: warning: Member file_end() (function) of class renderer is not documented.
ating group documentation...
Generating class documentation...
Generating docs for compound cell...
Generating docs for compound hexahedron...
Generating docs for compound MainWindow...
Generating docs for compound material...
Generating docs for compound matrix...
Generating docs for compound model...
Generating docs for compound pyramid...
Generating docs for compound renderer...
Generating docs for compound tetrahedron...
Generating docs for compound Vector...
Generating namespace index...
Generating graph info page...
Generating directory documentation...
Generating index page...
Generating page index...
Generating module index...
Generating namespace index...
Generating namespace member index...
Generating annotated compound index...
Generating alphabetical compound index...
Generating hierarchical class index...
Generating member index...
Generating file index...
Generating file member index...
Generating example index...
finalizing index lists...
writing tag file...
lookup cache used 165/65536 hits=1013 misses=173
finished...
